00:04:13
00:90:7f
00:00:46
00:03:93
00:05:02
00:0A:27
00:0A:95
00:0D:93
00:10:FA
00:11:24
00:13:D5
00:14:51
00:16:CB
00:17:F2
00:19:E3
00:1B:63
00:1C:B3
00:1D:4F
00:1E:52
00:1E:C2
00:1F:5B
00:1F:71
00:1F:F3
00:21:E9
00:22:41
00:23:12
00:23:32
00:23:6C
00:23:DF
00:24:36
00:24:C7
00:25:00
00:25:4B
00:25:BC
00:26:08
00:26:4A
00:26:B0
00:26:BB
00:30:65
00:3E:E1
00:50:E4
00:A0:3F
00:A0:40
00:C6:10
04:0C:CE
04:1E:64
04:54:53
08:00:07
0C:74:C2
10:40:F3
10:93:E9
10:9A:DD
14:5A:05
14:8F:C6
18:20:32
18:34:51
18:E7:F4
1C:AB:A7
24:AB:81
28:37:37
28:6A:B8
28:A5:74
28:CF:DA
28:E0:2C
28:E7:CF
34:15:9E
34:51:C9
3C:07:54
3C:D0:F8
40:30:04
40:3C:FC
40:6C:8F
40:A6:D9
40:D3:2D
44:2A:60
44:D8:84
48:60:BC
50:EA:D6
58:1F:AA
58:55:CA
58:B0:35
5C:59:48
60:33:4B
60:C5:47
60:FA:CD
60:FB:42
64:20:0C
64:B9:E8
68:09:27
68:A8:6D
6C:C2:6B
70:73:CB
70:CD:60
70:DE:E2
78:A3:E4
78:CA:39
7C:11:BE
7C:6D:62
7C:C3:A1
7C:C5:37
7C:F0:5F
88:C6:63
8C:58:77
8C:7B:9D
90:27:E4
90:84:0D
98:03:D8
98:D6:BB
A4:67:06
A4:B1:97
A4:D1:D2
B8:17:C2
B8:8D:12
B8:C7:5D
B8:FF:61
C0:84:7A
C4:2C:03
C8:2A:14
C8:BC:C8
CC:08:E0
D0:23:DB
D0:58:75
D4:9A:20
D8:30:62
D8:9E:3F
D8:A2:5E
DC:2B:61
E0:B9:BA
E0:F8:47
E4:CE:8F
E8:04:0B
E8:06:88
F0:B4:79
F0:CB:A1
F8:1E:DF
FC:25:3F
